Arguments: 
  /home/grzesiek/.nvm/versions/node/v8.11.1/bin/node /usr/bin/yarn

PATH: 
  /opt/google-cloud-sdk/bin:/home/grzesiek/Android/Sdk/platform-tools:/home/grzesiek/Android/Sdk/tools:/home/grzesiek/perl5/bin:/home/grzesiek/.nvm/versions/node/v8.11.1/bin:/home/grzesiek/bin:/home/grzesiek/.local/bin:/usr/local/sbin:/usr/local/bin:/usr/sbin:/usr/bin:/sbin:/bin:/usr/games:/usr/local/games:/snap/bin:/usr/lib/jvm/java-8-oracle/bin:/usr/lib/jvm/java-8-oracle/db/bin:/usr/lib/jvm/java-8-oracle/jre/bin:/home/grzesiek/bin:/etc/java/jre1.8.0_131//bin:/usr/lib/jvm/java-8-oracle/bin:/usr/lib/jvm/java-8-oracle/db/bin:/usr/lib/jvm/java-8-oracle/jre/bin:/home/grzesiek/bin:/etc/java/jre1.8.0_131//bin:~/Arcanist/arcanist/bin/

Yarn version: 
  1.6.0

Node version: 
  8.11.1

Platform: 
  linux x64

Trace: 
  SyntaxError: /home/grzesiek/repos/react360-virtual-tour/package.json: Unexpected token } in JSON at position 1295
      at JSON.parse (<anonymous>)
      at /usr/lib/node_modules/yarn/lib/cli.js:1130:59
      at Generator.next (<anonymous>)
      at step (/usr/lib/node_modules/yarn/lib/cli.js:98:30)
      at /usr/lib/node_modules/yarn/lib/cli.js:109:13
      at <anonymous>

npm manifest: 
  {
    "name": "plaszow-virtual-tour",
    "version": "0.0.1",
    "private": true,
    "scripts": {
      "start": "node -e \"console.log('open browser at http://localhost:8081/index.html\\n\\n');\" && node node_modules/react-native/local-cli/cli.js start",
      "bundle": "node node_modules/react-360/scripts/bundle.js",
      "open": "node -e \"require('xopen')('http://localhost:8081/index.html')\"",
      "devtools": "react-devtools",
      "test": "jest"
    },
    "dependencies": {
      "alt": "^0.18.6",
      "classnames": "^2.2.6",
      "react": "16.0.0",
      "react-360": "~1.0.0",
      "react-360-web": "~1.0.0",
      "react-native": "~0.49.5",
      "three": "^0.87.0"
    },
    "devDependencies": {
      "babel-eslint": "^8.2.5",
      "babel-jest": "^19.0.0",
      "babel-preset-react-native": "^1.9.1",
      "eslint": "^5.0.1",
      "eslint-config-airbnb": "^17.0.0",
      "eslint-config-prettier": "^2.9.0",
      "eslint-config-react": "^1.1.7",
      "eslint-config-standard": "^11.0.0",
      "eslint-plugin-import": "^2.13.0",
      "eslint-plugin-jsx-a11y": "^6.1.0",
      "eslint-plugin-node": "^6.0.1",
      "eslint-plugin-prettier": "^2.6.2",
      "eslint-plugin-promise": "^3.8.0",
      "eslint-plugin-react": "^7.10.0",
      "eslint-plugin-standard": "^3.1.0",
      "jest": "^19.0.2",
      "prettier-eslint": "^8.8.2",
    },
    "jest": {
      "preset": "react-360"
    }
  }

yarn manifest: 
  No manifest

Lockfile: 
  No lockfile
